INFO:     Will watch for changes in these directories: ['/home/shaurya/Desktop/gfg/backend']
INFO:     Uvicorn running on http://127.0.0.1:8000 (Press CTRL+C to quit)
INFO:     Started reloader process [12394] using StatReload
INFO:     Started server process [12441]
INFO:     Waiting for application startup.
INFO:     Application startup complete.
INFO:     127.0.0.1:44932 - "POST /login HTTP/1.1" 400 Bad Request
INFO:     127.0.0.1:53778 - "POST /login HTTP/1.1" 200 OK
INFO:     127.0.0.1:57584 - "GET /history HTTP/1.1" 200 OK
INFO:     127.0.0.1:45372 - "POST /chat HTTP/1.1" 200 OK
INFO:     127.0.0.1:60946 - "GET /history HTTP/1.1" 200 OK
WARNING:  StatReload detected changes in 'emotion_analyzer.py'. Reloading...
INFO:     Shutting down
INFO:     Waiting for application shutdown.
INFO:     Application shutdown complete.
INFO:     Finished server process [12441]
INFO:     Started server process [15451]
INFO:     Waiting for application startup.
INFO:     Application startup complete.
WARNING:  StatReload detected changes in 'negotiation_engine.py'. Reloading...
INFO:     Shutting down
INFO:     Waiting for application shutdown.
INFO:     Application shutdown complete.
INFO:     Finished server process [15451]
INFO:     Started server process [15549]
INFO:     Waiting for application startup.
INFO:     Application startup complete.
WARNING:  StatReload detected changes in 'digital_twin.py'. Reloading...
INFO:     Shutting down
INFO:     Waiting for application shutdown.
INFO:     Application shutdown complete.
INFO:     Finished server process [15549]
INFO:     Started server process [15685]
INFO:     Waiting for application startup.
INFO:     Application startup complete.
WARNING:  StatReload detected changes in 'main.py'. Reloading...
INFO:     Shutting down
INFO:     Waiting for application shutdown.
INFO:     Application shutdown complete.
INFO:     Finished server process [15685]
Process SpawnProcess-5:
Traceback (most recent call last):
  File "/home/shaurya/.pyenv/versions/3.7.9/lib/python3.7/multiprocessing/process.py", line 297, in _bootstrap
    self.run()
  File "/home/shaurya/.pyenv/versions/3.7.9/lib/python3.7/multiprocessing/process.py", line 99, in run
    self._target(*self._args, **self._kwargs)
  File "/home/shaurya/.pyenv/versions/3.7.9/lib/python3.7/site-packages/uvicorn/_subprocess.py", line 76, in subprocess_started
    target(sockets=sockets)
  File "/home/shaurya/.pyenv/versions/3.7.9/lib/python3.7/site-packages/uvicorn/server.py", line 61, in run
    return asyncio.run(self.serve(sockets=sockets))
  File "/home/shaurya/.pyenv/versions/3.7.9/lib/python3.7/asyncio/runners.py", line 43, in run
    return loop.run_until_complete(main)
  File "/home/shaurya/.pyenv/versions/3.7.9/lib/python3.7/asyncio/base_events.py", line 587, in run_until_complete
    return future.result()
  File "/home/shaurya/.pyenv/versions/3.7.9/lib/python3.7/site-packages/uvicorn/server.py", line 68, in serve
    config.load()
  File "/home/shaurya/.pyenv/versions/3.7.9/lib/python3.7/site-packages/uvicorn/config.py", line 473, in load
    self.loaded_app = import_from_string(self.app)
  File "/home/shaurya/.pyenv/versions/3.7.9/lib/python3.7/site-packages/uvicorn/importer.py", line 24, in import_from_string
    raise exc from None
  File "/home/shaurya/.pyenv/versions/3.7.9/lib/python3.7/site-packages/uvicorn/importer.py", line 21, in import_from_string
    module = importlib.import_module(module_str)
  File "/home/shaurya/.pyenv/versions/3.7.9/lib/python3.7/importlib/__init__.py", line 127, in import_module
    return _bootstrap._gcd_import(name[level:], package, level)
  File "<frozen importlib._bootstrap>", line 1006, in _gcd_import
  File "<frozen importlib._bootstrap>", line 983, in _find_and_load
  File "<frozen importlib._bootstrap>", line 967, in _find_and_load_unlocked
  File "<frozen importlib._bootstrap>", line 677, in _load_unlocked
  File "<frozen importlib._bootstrap_external>", line 728, in exec_module
  File "<frozen importlib._bootstrap>", line 219, in _call_with_frames_removed
  File "/home/shaurya/Desktop/gfg/backend/main.py", line 100, in <module>
    from emotion_analyzer import EmotionAnalyzer
  File "/home/shaurya/Desktop/gfg/backend/emotion_analyzer.py", line 1, in <module>
    from textblob import TextBlob
ModuleNotFoundError: No module named 'textblob'
WARNING:  StatReload detected changes in 'ethical_monitor.py'. Reloading...
Process SpawnProcess-6:
Traceback (most recent call last):
  File "/home/shaurya/.pyenv/versions/3.7.9/lib/python3.7/multiprocessing/process.py", line 297, in _bootstrap
    self.run()
  File "/home/shaurya/.pyenv/versions/3.7.9/lib/python3.7/multiprocessing/process.py", line 99, in run
    self._target(*self._args, **self._kwargs)
  File "/home/shaurya/.pyenv/versions/3.7.9/lib/python3.7/site-packages/uvicorn/_subprocess.py", line 76, in subprocess_started
    target(sockets=sockets)
  File "/home/shaurya/.pyenv/versions/3.7.9/lib/python3.7/site-packages/uvicorn/server.py", line 61, in run
    return asyncio.run(self.serve(sockets=sockets))
  File "/home/shaurya/.pyenv/versions/3.7.9/lib/python3.7/asyncio/runners.py", line 43, in run
    return loop.run_until_complete(main)
  File "/home/shaurya/.pyenv/versions/3.7.9/lib/python3.7/asyncio/base_events.py", line 587, in run_until_complete
    return future.result()
  File "/home/shaurya/.pyenv/versions/3.7.9/lib/python3.7/site-packages/uvicorn/server.py", line 68, in serve
    config.load()
  File "/home/shaurya/.pyenv/versions/3.7.9/lib/python3.7/site-packages/uvicorn/config.py", line 473, in load
    self.loaded_app = import_from_string(self.app)
  File "/home/shaurya/.pyenv/versions/3.7.9/lib/python3.7/site-packages/uvicorn/importer.py", line 24, in import_from_string
    raise exc from None
  File "/home/shaurya/.pyenv/versions/3.7.9/lib/python3.7/site-packages/uvicorn/importer.py", line 21, in import_from_string
    module = importlib.import_module(module_str)
  File "/home/shaurya/.pyenv/versions/3.7.9/lib/python3.7/importlib/__init__.py", line 127, in import_module
    return _bootstrap._gcd_import(name[level:], package, level)
  File "<frozen importlib._bootstrap>", line 1006, in _gcd_import
  File "<frozen importlib._bootstrap>", line 983, in _find_and_load
  File "<frozen importlib._bootstrap>", line 967, in _find_and_load_unlocked
  File "<frozen importlib._bootstrap>", line 677, in _load_unlocked
  File "<frozen importlib._bootstrap_external>", line 728, in exec_module
  File "<frozen importlib._bootstrap>", line 219, in _call_with_frames_removed
  File "/home/shaurya/Desktop/gfg/backend/main.py", line 100, in <module>
    from emotion_analyzer import EmotionAnalyzer
  File "/home/shaurya/Desktop/gfg/backend/emotion_analyzer.py", line 1, in <module>
    from textblob import TextBlob
ModuleNotFoundError: No module named 'textblob'
WARNING:  StatReload detected changes in 'main.py'. Reloading...
Process SpawnProcess-7:
Traceback (most recent call last):
  File "/home/shaurya/.pyenv/versions/3.7.9/lib/python3.7/multiprocessing/process.py", line 297, in _bootstrap
    self.run()
  File "/home/shaurya/.pyenv/versions/3.7.9/lib/python3.7/multiprocessing/process.py", line 99, in run
    self._target(*self._args, **self._kwargs)
  File "/home/shaurya/.pyenv/versions/3.7.9/lib/python3.7/site-packages/uvicorn/_subprocess.py", line 76, in subprocess_started
    target(sockets=sockets)
  File "/home/shaurya/.pyenv/versions/3.7.9/lib/python3.7/site-packages/uvicorn/server.py", line 61, in run
    return asyncio.run(self.serve(sockets=sockets))
  File "/home/shaurya/.pyenv/versions/3.7.9/lib/python3.7/asyncio/runners.py", line 43, in run
    return loop.run_until_complete(main)
  File "/home/shaurya/.pyenv/versions/3.7.9/lib/python3.7/asyncio/base_events.py", line 587, in run_until_complete
    return future.result()
  File "/home/shaurya/.pyenv/versions/3.7.9/lib/python3.7/site-packages/uvicorn/server.py", line 68, in serve
    config.load()
  File "/home/shaurya/.pyenv/versions/3.7.9/lib/python3.7/site-packages/uvicorn/config.py", line 473, in load
    self.loaded_app = import_from_string(self.app)
  File "/home/shaurya/.pyenv/versions/3.7.9/lib/python3.7/site-packages/uvicorn/importer.py", line 24, in import_from_string
    raise exc from None
  File "/home/shaurya/.pyenv/versions/3.7.9/lib/python3.7/site-packages/uvicorn/importer.py", line 21, in import_from_string
    module = importlib.import_module(module_str)
  File "/home/shaurya/.pyenv/versions/3.7.9/lib/python3.7/importlib/__init__.py", line 127, in import_module
    return _bootstrap._gcd_import(name[level:], package, level)
  File "<frozen importlib._bootstrap>", line 1006, in _gcd_import
  File "<frozen importlib._bootstrap>", line 983, in _find_and_load
  File "<frozen importlib._bootstrap>", line 967, in _find_and_load_unlocked
  File "<frozen importlib._bootstrap>", line 677, in _load_unlocked
  File "<frozen importlib._bootstrap_external>", line 728, in exec_module
  File "<frozen importlib._bootstrap>", line 219, in _call_with_frames_removed
  File "/home/shaurya/Desktop/gfg/backend/main.py", line 100, in <module>
    from emotion_analyzer import EmotionAnalyzer
  File "/home/shaurya/Desktop/gfg/backend/emotion_analyzer.py", line 1, in <module>
    from textblob import TextBlob
ModuleNotFoundError: No module named 'textblob'
INFO:     Stopping reloader process [12394]
